<?xml version="1.0" encoding="UTF-8"?>
<testsuite name="com.example.controllers.ClientControllerTest" time="6.454" tests="4" errors="1" skipped="0" failures="0">
  <properties>
[...]
</properties>
  <testcase name="testUpdateClient" classname="com.example.controllers.ClientControllerTest" time="4.069"/>
  <testcase name="testDeleteClient" classname="com.example.controllers.ClientControllerTest" time="0.151"/>
  <testcase name="testGetClient" classname="com.example.controllers.ClientControllerTest" time="1.656"/>
  <testcase name="testCreateClient" classname="com.example.controllers.ClientControllerTest" time="0.578">
    <error message="The given id must not be null!; nested exception is java.lang.IllegalArgumentException: The given id must not be null!" type="org.springframework.dao.InvalidDataAccessApiUsageException">org.springframework.dao.InvalidDataAccessApiUsageException: The given id must not be null!; nested exception is java.lang.IllegalArgumentException: The given id must not be null!
	at org.springframework.util.Assert.notNull(Assert.java:115)
	at org.springframework.data.jpa.repository.support.SimpleJpaRepository.findOne(SimpleJpaRepository.java:223)
	at sun.reflect.NativeMethodAccessorImpl.invoke0(Native Method)
	at sun.reflect.NativeMethodAccessorImpl.invoke(NativeMethodAccessorImpl.java:62)
	at sun.reflect.DelegatingMethodAccessorImpl.invoke(DelegatingMethodAccessorImpl.java:43)
	at java.lang.reflect.Method.invoke(Method.java:497)
	at org.springframework.data.repository.core.support.RepositoryFactorySupport$QueryExecutorMethodInterceptor.executeMethodOn(RepositoryFactorySupport.java:483)
	at org.springframework.data.repository.core.support.RepositoryFactorySupport$QueryExecutorMethodInterceptor.doInvoke(RepositoryFactorySupport.java:468)
	at org.springframework.data.repository.core.support.RepositoryFactorySupport$QueryExecutorMethodInterceptor.invoke(RepositoryFactorySupport.java:440)
	at org.springframework.aop.framework.ReflectiveMethodInvocation.proceed(ReflectiveMethodInvocation.java:179)
	at org.springframework.data.projection.DefaultMethodInvokingMethodInterceptor.invoke(DefaultMethodInvokingMethodInterceptor.java:61)
	at org.springframework.aop.framework.ReflectiveMethodInvocation.proceed(ReflectiveMethodInvocation.java:179)
	at org.springframework.transaction.interceptor.TransactionInterceptor$1.proceedWithInvocation(TransactionInterceptor.java:99)
	at org.springframework.transaction.interceptor.TransactionAspectSupport.invokeWithinTransaction(TransactionAspectSupport.java:281)
	at org.springframework.transaction.interceptor.TransactionInterceptor.invoke(TransactionInterceptor.java:96)
	at org.springframework.aop.framework.ReflectiveMethodInvocation.proceed(ReflectiveMethodInvocation.java:179)
	at org.springframework.dao.support.PersistenceExceptionTranslationInterceptor.invoke(PersistenceExceptionTranslationInterceptor.java:136)
	at org.springframework.aop.framework.ReflectiveMethodInvocation.proceed(ReflectiveMethodInvocation.java:179)
	at org.springframework.data.jpa.repository.support.CrudMethodMetadataPostProcessor$CrudMethodMetadataPopulatingMethodInterceptor.invoke(CrudMethodMetadataPostProcessor.java:131)
	at org.springframework.aop.framework.ReflectiveMethodInvocation.proceed(ReflectiveMethodInvocation.java:179)
	at org.springframework.aop.interceptor.ExposeInvocationInterceptor.invoke(ExposeInvocationInterceptor.java:92)
	at org.springframework.aop.framework.ReflectiveMethodInvocation.proceed(ReflectiveMethodInvocation.java:179)
	at org.springframework.aop.framework.JdkDynamicAopProxy.invoke(JdkDynamicAopProxy.java:208)
	at com.sun.proxy.$Proxy106.findOne(Unknown Source)
	at com.example.services.GenericService.find(GenericService.java:37)
	at com.example.services.GenericService.delete(GenericService.java:52)
	at com.example.controllers.ClientControllerTest.testCreateClient(ClientControllerTest.java:95)
</error>
    <system-out><![CDATA[2016-08-28 21:18:43.873 DEBUG 288 --- [           main] o.s.w.c.s.StandardServletEnvironment     : Adding [servletConfigInitParams] PropertySource with lowest search precedence
2016-08-28 21:18:43.873 DEBUG 288 --- [           main] o.s.w.c.s.StandardServletEnvironment     : Adding [servletContextInitParams] PropertySource with lowest search precedence
2016-08-28 21:18:43.874 DEBUG 288 --- [           main] o.s.w.c.s.StandardServletEnvironment     : Adding [systemProperties] PropertySource with lowest search precedence
2016-08-28 21:18:43.874 DEBUG 288 --- [           main] o.s.w.c.s.StandardServletEnvironment     : Adding [systemEnvironment] PropertySource with lowest search precedence
2016-08-28 21:18:43.874 DEBUG 288 --- [           main] o.s.w.c.s.StandardServletEnvironment     : Initialized StandardServletEnvironment with PropertySources [servletConfigInitParams,servletContextInitParams,systemProperties,systemEnvironment]
2016-08-28 21:18:43.874  INFO 288 --- [           main] o.s.b.test.SpringBootMockServletContext  : Initializing Spring FrameworkServlet ''
2016-08-28 21:18:43.874  INFO 288 --- [           main] o.s.t.web.servlet.TestDispatcherServlet  : FrameworkServlet '': initialization started
2016-08-28 21:18:43.881  INFO 288 --- [           main] o.s.t.web.servlet.TestDispatcherServlet  : FrameworkServlet '': initialization completed in 7 ms
2016-08-28 21:18:43.896 DEBUG 288 --- [           main] o.s.security.web.FilterChainProxy        : /client at position 1 of 13 in additional filter chain; firing Filter: 'WebAsyncManagerIntegrationFilter'
2016-08-28 21:18:43.896 DEBUG 288 --- [           main] o.s.security.web.FilterChainProxy        : /client at position 2 of 13 in additional filter chain; firing Filter: 'SecurityContextPersistenceFilter'
2016-08-28 21:18:43.896 DEBUG 288 --- [           main] w.c.HttpSessionSecurityContextRepository : HttpSession returned null object for SPRING_SECURITY_CONTEXT
2016-08-28 21:18:43.896 DEBUG 288 --- [           main] w.c.HttpSessionSecurityContextRepository : No SecurityContext was available from the HttpSession: org.springframework.mock.web.MockHttpSession@20be890d. A new one will be created.
2016-08-28 21:18:43.896 DEBUG 288 --- [           main] o.s.security.web.FilterChainProxy        : /client at position 3 of 13 in additional filter chain; firing Filter: 'HeaderWriterFilter'
2016-08-28 21:18:43.896 DEBUG 288 --- [           main] o.s.s.w.header.writers.HstsHeaderWriter  : Not injecting HSTS header since it did not match the requestMatcher org.springframework.security.web.header.writers.HstsHeaderWriter$SecureRequestMatcher@184de357
2016-08-28 21:18:43.896 DEBUG 288 --- [           main] o.s.security.web.FilterChainProxy        : /client at position 4 of 13 in additional filter chain; firing Filter: 'CsrfFilter'
2016-08-28 21:18:43.896 DEBUG 288 --- [           main] o.s.security.web.FilterChainProxy        : /client at position 5 of 13 in additional filter chain; firing Filter: 'CsrfTokenToCookieFilter'
2016-08-28 21:18:43.896 DEBUG 288 --- [           main] o.s.security.web.FilterChainProxy        : /client at position 6 of 13 in additional filter chain; firing Filter: 'LogoutFilter'
2016-08-28 21:18:43.897 DEBUG 288 --- [           main] o.s.s.w.u.matcher.AntPathRequestMatcher  : Checking match of request : '/client'; against '/logout'
2016-08-28 21:18:43.897 DEBUG 288 --- [           main] o.s.security.web.FilterChainProxy        : /client at position 7 of 13 in additional filter chain; firing Filter: 'BasicAuthenticationFilter'
2016-08-28 21:18:43.897 DEBUG 288 --- [           main] o.s.s.w.a.www.BasicAuthenticationFilter  : Basic Authentication Authorization header found for user 'Dimitrij94'
2016-08-28 21:18:43.897 DEBUG 288 --- [           main] o.s.s.authentication.ProviderManager     : Authentication attempt using org.springframework.security.authentication.dao.DaoAuthenticationProvider
Hibernate: 
    select
        admin0_.id as id1_1_,
        admin0_.authorities as authorit2_1_,
        admin0_.enabled as enabled3_1_,
        admin0_.password as password4_1_,
        admin0_.phone as phone5_1_,
        admin0_.userName as userName6_1_ 
    from
        Admin admin0_ 
    where
        admin0_.userName=?
2016-08-28 21:18:44.024 DEBUG 288 --- [           main] o.s.s.w.a.www.BasicAuthenticationFilter  : Authentication success: org.springframework.security.authentication.UsernamePasswordAuthenticationToken@afd2abee: Principal: com.example.adapters.AdminUserDetails@2c815fdc; Credentials: [PROTECTED]; Authenticated: true; Details: org.springframework.security.web.authentication.WebAuthenticationDetails@380f4: RemoteIpAddress: 127.0.0.1; SessionId: 7; Granted Authorities: ROLE_SUPER_ADMIN
2016-08-28 21:18:44.024 DEBUG 288 --- [           main] o.s.security.web.FilterChainProxy        : /client at position 8 of 13 in additional filter chain; firing Filter: 'RequestCacheAwareFilter'
2016-08-28 21:18:44.024 DEBUG 288 --- [           main] o.s.security.web.FilterChainProxy        : /client at position 9 of 13 in additional filter chain; firing Filter: 'SecurityContextHolderAwareRequestFilter'
2016-08-28 21:18:44.024 DEBUG 288 --- [           main] o.s.security.web.FilterChainProxy        : /client at position 10 of 13 in additional filter chain; firing Filter: 'AnonymousAuthenticationFilter'
2016-08-28 21:18:44.024 DEBUG 288 --- [           main] o.s.s.w.a.AnonymousAuthenticationFilter  : SecurityContextHolder not populated with anonymous token, as it already contained: 'org.springframework.security.authentication.UsernamePasswordAuthenticationToken@afd2abee: Principal: com.example.adapters.AdminUserDetails@2c815fdc; Credentials: [PROTECTED]; Authenticated: true; Details: org.springframework.security.web.authentication.WebAuthenticationDetails@380f4: RemoteIpAddress: 127.0.0.1; SessionId: 7; Granted Authorities: ROLE_SUPER_ADMIN'
2016-08-28 21:18:44.025 DEBUG 288 --- [           main] o.s.security.web.FilterChainProxy        : /client at position 11 of 13 in additional filter chain; firing Filter: 'SessionManagementFilter'
2016-08-28 21:18:44.025 DEBUG 288 --- [           main] s.CompositeSessionAuthenticationStrategy : Delegating to org.springframework.security.web.authentication.session.ChangeSessionIdAuthenticationStrategy@4e3283f6
2016-08-28 21:18:44.025 DEBUG 288 --- [           main] s.CompositeSessionAuthenticationStrategy : Delegating to org.springframework.security.web.csrf.CsrfAuthenticationStrategy@5d84e363
2016-08-28 21:18:44.026 DEBUG 288 --- [           main] w.c.HttpSessionSecurityContextRepository : SecurityContext 'org.springframework.security.core.context.SecurityContextImpl@afd2abee: Authentication: org.springframework.security.authentication.UsernamePasswordAuthenticationToken@afd2abee: Principal: com.example.adapters.AdminUserDetails@2c815fdc; Credentials: [PROTECTED]; Authenticated: true; Details: org.springframework.security.web.authentication.WebAuthenticationDetails@380f4: RemoteIpAddress: 127.0.0.1; SessionId: 7; Granted Authorities: ROLE_SUPER_ADMIN' stored to HttpSession: 'org.springframework.mock.web.MockHttpSession@20be890d
2016-08-28 21:18:44.026 DEBUG 288 --- [           main] o.s.security.web.FilterChainProxy        : /client at position 12 of 13 in additional filter chain; firing Filter: 'ExceptionTranslationFilter'
2016-08-28 21:18:44.026 DEBUG 288 --- [           main] o.s.security.web.FilterChainProxy        : /client at position 13 of 13 in additional filter chain; firing Filter: 'FilterSecurityInterceptor'
2016-08-28 21:18:44.026 DEBUG 288 --- [           main] o.s.s.w.u.matcher.AntPathRequestMatcher  : Request 'POST /client' doesn't match 'GET /admin/**
2016-08-28 21:18:44.026 DEBUG 288 --- [           main] o.s.s.w.u.matcher.AntPathRequestMatcher  : Request 'POST /client' doesn't match 'GET /admin
2016-08-28 21:18:44.026 DEBUG 288 --- [           main] o.s.s.w.u.matcher.AntPathRequestMatcher  : Checking match of request : '/client'; against '/admin'
2016-08-28 21:18:44.026 DEBUG 288 --- [           main] o.s.s.w.u.matcher.AntPathRequestMatcher  : Request 'POST /client' doesn't match 'PUT /admin
2016-08-28 21:18:44.026 DEBUG 288 --- [           main] o.s.s.w.u.matcher.AntPathRequestMatcher  : Request 'POST /client' doesn't match 'DELETE /admin
2016-08-28 21:18:44.027 DEBUG 288 --- [           main] o.s.s.w.u.matcher.AntPathRequestMatcher  : Checking match of request : '/client'; against '/order'
2016-08-28 21:18:44.027 DEBUG 288 --- [           main] o.s.s.w.u.matcher.AntPathRequestMatcher  : Checking match of request : '/client'; against '/client'
2016-08-28 21:18:44.027 DEBUG 288 --- [           main] o.s.s.w.a.i.FilterSecurityInterceptor    : Secure object: FilterInvocation: URL: /client; Attributes: [permitAll]
2016-08-28 21:18:44.027 DEBUG 288 --- [           main] o.s.s.w.a.i.FilterSecurityInterceptor    : Previously Authenticated: org.springframework.security.authentication.UsernamePasswordAuthenticationToken@afd2abee: Principal: com.example.adapters.AdminUserDetails@2c815fdc; Credentials: [PROTECTED]; Authenticated: true; Details: org.springframework.security.web.authentication.WebAuthenticationDetails@380f4: RemoteIpAddress: 127.0.0.1; SessionId: 7; Granted Authorities: ROLE_SUPER_ADMIN
2016-08-28 21:18:44.182 DEBUG 288 --- [           main] o.s.s.access.vote.AffirmativeBased       : Voter: org.springframework.security.web.access.expression.WebExpressionVoter@7417ef4f, returned: 1
2016-08-28 21:18:44.182 DEBUG 288 --- [           main] o.s.s.w.a.i.FilterSecurityInterceptor    : Authorization successful
2016-08-28 21:18:44.182 DEBUG 288 --- [           main] o.s.s.w.a.i.FilterSecurityInterceptor    : RunAsManager did not change Authentication object
2016-08-28 21:18:44.183 DEBUG 288 --- [           main] o.s.security.web.FilterChainProxy        : /client reached end of additional filter chain; proceeding with original chain
2016-08-28 21:18:44.183 DEBUG 288 --- [           main] s.w.s.m.m.a.RequestMappingHandlerMapping : Looking up handler method for path /client
2016-08-28 21:18:44.183 DEBUG 288 --- [           main] s.w.s.m.m.a.RequestMappingHandlerMapping : Returning handler method [public T com.example.controllers.GenericController.post(T)]
2016-08-28 21:18:44.185 DEBUG 288 --- [           main] m.m.a.RequestResponseBodyMethodProcessor : Read [T] as "application/json;charset=UTF-8" with [org.springframework.http.converter.json.MappingJackson2HttpMessageConverter@48fc0211]
Hibernate: 
    insert 
    into
        Client
        (email, name, phone) 
    values
        (?, ?, ?)
2016-08-28 21:18:44.259 DEBUG 288 --- [           main] w.c.HttpSessionSecurityContextRepository : SecurityContext 'org.springframework.security.core.context.SecurityContextImpl@afd2abee: Authentication: org.springframework.security.authentication.UsernamePasswordAuthenticationToken@afd2abee: Principal: com.example.adapters.AdminUserDetails@2c815fdc; Credentials: [PROTECTED]; Authenticated: true; Details: org.springframework.security.web.authentication.WebAuthenticationDetails@380f4: RemoteIpAddress: 127.0.0.1; SessionId: 7; Granted Authorities: ROLE_SUPER_ADMIN' stored to HttpSession: 'org.springframework.mock.web.MockHttpSession@20be890d
2016-08-28 21:18:44.259 DEBUG 288 --- [           main] m.m.a.RequestResponseBodyMethodProcessor : Written [com.example.domain.Client@5c0e2ec] as "application/json;charset=UTF-8" using [org.springframework.http.converter.json.MappingJackson2HttpMessageConverter@48fc0211]
2016-08-28 21:18:44.265 DEBUG 288 --- [           main] o.s.s.w.a.ExceptionTranslationFilter     : Chain processed normally
2016-08-28 21:18:44.265 DEBUG 288 --- [           main] s.s.w.c.SecurityContextPersistenceFilter : SecurityContextHolder now cleared, as request processing completed
]]></system-out>
  </testcase>
</testsuite>